<?xml version="1.0" encoding="UTF-8"?>
<!-- Generated by org.testng.reporters.JUnitReportReporter -->
<testsuite hostname="DESKTOP-M454ERF" failures="0" tests="1" name="Interview.Secondmaxnum" time="0.014" errors="0" timestamp="2023-08-07T12:41:37 GFT" skipped="0">
  <testcase classname="Interview.Secondmaxnum" name="test" time="0.014"/>
  <system-out/>
</testsuite> <!-- Interview.Secondmaxnum -->
