<?xml version="1.0" encoding="UTF-8"?>
<!-- Generated by org.testng.reporters.JUnitReportReporter -->
<testsuite hostname="DESKTOP-M454ERF" failures="0" tests="1" name="Interview.findvowels" time="0.019" errors="0" timestamp="2023-08-09T18:04:19 GFT" skipped="0">
  <testcase classname="Interview.findvowels" name="vowels" time="0.019"/>
  <system-out/>
</testsuite> <!-- Interview.findvowels -->
