<?xml version="1.0" encoding="UTF-8"?>
<!-- Generated by org.testng.reporters.JUnitReportReporter -->
<testsuite hostname="DESKTOP-M454ERF" failures="0" tests="1" name="Interview.thirdmax" time="0.019" errors="0" timestamp="2023-08-07T15:27:33 GFT" skipped="0">
  <testcase classname="Interview.thirdmax" name="max3" time="0.019"/>
  <system-out/>
</testsuite> <!-- Interview.thirdmax -->
