<?xml version="1.0" encoding="UTF-8"?>
<!-- Generated by org.testng.reporters.JUnitReportReporter -->
<testsuite hostname="DESKTOP-M454ERF" failures="0" tests="1" name="trip" time="0.017" errors="0" timestamp="2023-07-28T07:17:50 GFT" skipped="0">
  <testcase classname="trip" name="m1" time="0.017"/>
  <system-out/>
</testsuite> <!-- trip -->
