<?xml version="1.0" encoding="UTF-8"?>
<!-- Generated by org.testng.reporters.JUnitReportReporter -->
<testsuite hostname="DESKTOP-M454ERF" failures="0" tests="1" name="Interview.findoccurence" time="0.018" errors="0" timestamp="2023-08-08T08:06:10 GFT" skipped="0">
  <testcase classname="Interview.findoccurence" name="test" time="0.018"/>
  <system-out/>
</testsuite> <!-- Interview.findoccurence -->
