<?xml version="1.0" encoding="UTF-8"?>
<!-- Generated by org.testng.reporters.JUnitReportReporter -->
<testsuite hostname="DESKTOP-M454ERF" failures="0" tests="1" name="Interview.b1" time="0.020" errors="0" timestamp="2024-07-28T09:19:12 GFT" skipped="0">
  <testcase classname="Interview.b1" name="withoutBDD" time="0.020"/>
  <system-out/>
</testsuite> <!-- Interview.b1 -->
