<?xml version="1.0" encoding="UTF-8"?>
<!-- Generated by org.testng.reporters.JUnitReportReporter -->
<testsuite hostname="DESKTOP-M454ERF" failures="0" tests="1" name="mock" time="0.014" errors="0" timestamp="2023-07-27T18:44:01 GFT" skipped="0">
  <testcase classname="mock" name="man" time="0.014"/>
  <system-out/>
</testsuite> <!-- mock -->
